<?xml version="1.0" encoding="UTF-8"?>
<coverage generated="1554126358613" clover="3.2.0">
  <project timestamp="1554126358614" name="All files">
    <metrics statements="8" coveredstatements="7" conditionals="0" coveredconditionals="0" methods="6" coveredmethods="6" elements="14" coveredelements="13" complexity="0" loc="8" ncloc="8" packages="3" files="4" classes="4">
      <package name="src">
        <metrics statements="1" coveredstatements="0" conditionals="0" coveredconditionals="0" methods="0" coveredmethods="0"/>
        <file name="index.js" path="/Users/vinodh/Downloads/Ex_Files_React_Testing_Debug/Exercise Files/Resources/src/index.js">
          <metrics statements="1" coveredstatements="0" conditionals="0" coveredconditionals="0" methods="0" coveredmethods="0"/>
          <line num="1" count="0" type="stmt"/>
        </file>
      </package>
      <package name="src.components">
        <metrics statements="3" coveredstatements="3" conditionals="0" coveredconditionals="0" methods="2" coveredmethods="2"/>
        <file name="App.jsx" path="/Users/vinodh/Downloads/Ex_Files_React_Testing_Debug/Exercise Files/Resources/src/components/App.jsx">
          <metrics statements="3" coveredstatements="3" conditionals="0" coveredconditionals="0" methods="2" coveredmethods="2"/>
          <line num="9" count="1" type="stmt"/>
          <line num="10" count="1" type="stmt"/>
          <line num="14" count="1" type="stmt"/>
        </file>
      </package>
      <package name="src.components.listings">
        <metrics statements="4" coveredstatements="4" conditionals="0" coveredconditionals="0" methods="4" coveredmethods="4"/>
        <file name="Grid.jsx" path="/Users/vinodh/Downloads/Ex_Files_React_Testing_Debug/Exercise Files/Resources/src/components/listings/Grid.jsx">
          <metrics statements="2" coveredstatements="2" conditionals="0" coveredconditionals="0" methods="3" coveredmethods="3"/>
          <line num="6" count="12" type="stmt"/>
          <line num="10" count="1" type="stmt"/>
        </file>
        <file name="Single.jsx" path="/Users/vinodh/Downloads/Ex_Files_React_Testing_Debug/Exercise Files/Resources/src/components/listings/Single.jsx">
          <metrics statements="2" coveredstatements="2" conditionals="0" coveredconditionals="0" methods="1" coveredmethods="1"/>
          <line num="3" count="1" type="stmt"/>
          <line num="4" count="12" type="stmt"/>
        </file>
      </package>
    </metrics>
  </project>
</coverage>
