TN:
SF:/Users/vinodh/Downloads/Ex_Files_React_Testing_Debug/Exercise Files/Resources/src/index.js
FNF:0
FNH:0
DA:1,0
LF:1
LH:0
BRF:0
BRH:0
end_of_record
TN:
SF:/Users/vinodh/Downloads/Ex_Files_React_Testing_Debug/Exercise Files/Resources/src/components/App.jsx
FN:8,(anonymous_0)
FN:13,(anonymous_1)
FNF:2
FNH:2
FNDA:1,(anonymous_0)
FNDA:1,(anonymous_1)
DA:9,1
DA:10,1
DA:14,1
LF:3
LH:3
BRF:0
BRH:0
end_of_record
TN:
SF:/Users/vinodh/Downloads/Ex_Files_React_Testing_Debug/Exercise Files/Resources/src/components/listings/Grid.jsx
FN:5,(anonymous_0)
FN:6,(anonymous_1)
FN:9,(anonymous_2)
FNF:3
FNH:3
FNDA:1,(anonymous_0)
FNDA:12,(anonymous_1)
FNDA:1,(anonymous_2)
DA:6,12
DA:10,1
LF:2
LH:2
BRF:0
BRH:0
end_of_record
TN:
SF:/Users/vinodh/Downloads/Ex_Files_React_Testing_Debug/Exercise Files/Resources/src/components/listings/Single.jsx
FN:3,(anonymous_0)
FNF:1
FNH:1
FNDA:12,(anonymous_0)
DA:3,1
DA:4,12
LF:2
LH:2
BRF:0
BRH:0
end_of_record
